<?xml version="1.0" encoding="UTF-8"?>
<coverage generated="1669668157965" clover="3.2.0">
  <project timestamp="1669668157965" name="All files">
    <metrics statements="7" coveredstatements="5" conditionals="0" coveredconditionals="0" methods="4" coveredmethods="2" elements="11" coveredelements="7" complexity="0" loc="7" ncloc="7" packages="1" files="1" classes="1"/>
    <file name="calc.js" path="E:\HECTORJM\OnedrivehjmH\OneDrive\Certified Tech Developer\TESTING I\codigo\calc\calc.js">
      <metrics statements="7" coveredstatements="5" conditionals="0" coveredconditionals="0" methods="4" coveredmethods="2"/>
      <line num="2" count="5" type="stmt"/>
      <line num="10" count="1" type="stmt"/>
      <line num="13" count="3" type="stmt"/>
      <line num="16" count="1" type="stmt"/>
      <line num="19" count="0" type="stmt"/>
      <line num="23" count="0" type="stmt"/>
      <line num="26" count="1" type="stmt"/>
    </file>
  </project>
</coverage>
