{"E:\\HECTORJM\\OnedrivehjmH\\OneDrive\\Certified Tech Developer\\TESTING I\\codigo\\calc\\calc.js": {"path":"E:\\HECTORJM\\OnedrivehjmH\\OneDrive\\Certified Tech Developer\\TESTING I\\codigo\\calc\\calc.js","statementMap":{"0":{"start":{"line":2,"column":4},"end":{"line":2,"column":15}},"1":{"start":{"line":10,"column":0},"end":{"line":10,"column":41}},"2":{"start":{"line":13,"column":4},"end":{"line":13,"column":15}},"3":{"start":{"line":16,"column":0},"end":{"line":16,"column":25}},"4":{"start":{"line":19,"column":4},"end":{"line":19,"column":15}},"5":{"start":{"line":23,"column":4},"end":{"line":23,"column":15}},"6":{"start":{"line":26,"column":0},"end":{"line":26,"column":57}}},"fnMap":{"0":{"name":"suma","decl":{"start":{"line":1,"column":9},"end":{"line":1,"column":13}},"loc":{"start":{"line":1,"column":18},"end":{"line":8,"column":1}},"line":1},"1":{"name":"resta","decl":{"start":{"line":12,"column":9},"end":{"line":12,"column":14}},"loc":{"start":{"line":12,"column":19},"end":{"line":14,"column":1}},"line":12},"2":{"name":"multiplicacion","decl":{"start":{"line":18,"column":9},"end":{"line":18,"column":23}},"loc":{"start":{"line":18,"column":28},"end":{"line":20,"column":1}},"line":18},"3":{"name":"division","decl":{"start":{"line":22,"column":9},"end":{"line":22,"column":17}},"loc":{"start":{"line":22,"column":22},"end":{"line":24,"column":1}},"line":22}},"branchMap":{},"s":{"0":5,"1":1,"2":3,"3":1,"4":0,"5":0,"6":1},"f":{"0":5,"1":3,"2":0,"3":0},"b":{},"_coverageSchema":"1a1c01bbd47fc00a2c39e90264f33305004495a9","hash":"92c4e8d9aa0caa6a57a7b1f9c381291d24f98584"}
}
